<?xml version="1.0" encoding="UTF-8"?>
<!-- Generated by org.testng.reporters.JUnitReportReporter -->
<testsuite hostname="LAPTOP-88OL1HSR" failures="0" tests="3" name="com.Automations.Tests.LoginTest" time="9.090" errors="0" timestamp="2024-09-14T09:29:04 IST" skipped="0">
  <testcase classname="com.Automations.Tests.LoginTest" name="validloginTest" time="4.730"/>
  <testcase classname="com.Automations.Tests.LoginTest" name="validloginTest" time="2.273"/>
  <testcase classname="com.Automations.Tests.LoginTest" name="invalidLoginTest" time="2.087"/>
</testsuite> <!-- com.Automations.Tests.LoginTest -->
