<?xml version="1.0" encoding="UTF-8"?>
<!-- Generated by org.testng.reporters.JUnitReportReporter -->
<testsuite hostname="LAPTOP-88OL1HSR" failures="0" tests="3" name="com.Automations.Tests.LoginTest" time="9.908" errors="0" timestamp="2024-09-14T00:10:45 IST" skipped="0">
  <testcase classname="com.Automations.Tests.LoginTest" name="validloginTest" time="4.931"/>
  <testcase classname="com.Automations.Tests.LoginTest" name="validloginTest" time="2.519"/>
  <testcase classname="com.Automations.Tests.LoginTest" name="invalidLoginTest" time="2.458"/>
</testsuite> <!-- com.Automations.Tests.LoginTest -->
