<?xml version="1.0" encoding="UTF-8"?>
<!-- Generated by org.testng.reporters.JUnitReportReporter -->
<testsuite hostname="LAPTOP-88OL1HSR" failures="0" tests="1" name="WysaAutomations.Tests.APIautomation" time="2.562" errors="0" timestamp="2024-09-13T22:13:51 IST" skipped="0">
  <testcase classname="WysaAutomations.Tests.APIautomation" name="getMethod" time="2.562"/>
</testsuite> <!-- WysaAutomations.Tests.APIautomation -->
