<?xml version="1.0" encoding="UTF-8"?>
<!-- Generated by org.testng.reporters.JUnitReportReporter -->
<testsuite hostname="LAPTOP-88OL1HSR" failures="0" tests="1" name="com.Automations.Tests.APIautomation" time="2.379" errors="0" timestamp="2024-09-14T00:10:45 IST" skipped="0">
  <testcase classname="com.Automations.Tests.APIautomation" name="getMethod" time="2.379"/>
</testsuite> <!-- com.Automations.Tests.APIautomation -->
