<?xml version="1.0" encoding="UTF-8"?>
<!-- Generated by org.testng.reporters.JUnitReportReporter -->
<testsuite hostname="LAPTOP-88OL1HSR" failures="0" tests="3" name="WysaAutomations.Tests.LoginTest" time="12.152" errors="0" timestamp="2024-09-13T22:13:51 IST" skipped="0">
  <testcase classname="WysaAutomations.Tests.LoginTest" name="validloginTest" time="5.852"/>
  <testcase classname="WysaAutomations.Tests.LoginTest" name="validloginTest" time="3.273"/>
  <testcase classname="WysaAutomations.Tests.LoginTest" name="invalidLoginTest" time="3.027"/>
</testsuite> <!-- WysaAutomations.Tests.LoginTest -->
